1642872586573	geckodriver	INFO	Listening on 127.0.0.1:46523
1642872587091	mozrunner::runner	INFO	Running command: "/usr/bin/firefox" "--marionette" "--remote-debugging-port" "55125" "-no-remote" "-profile" "/tmp/rust_mozprofileI0wM1N"
ATTENTION: default value of option mesa_glthread overridden by environment.
ATTENTION: default value of option mesa_glthread overridden by environment.
ATTENTION: default value of option mesa_glthread overridden by environment.
ATTENTION: default value of option mesa_glthread overridden by environment.
1642872589182	Marionette	INFO	Marionette enabled
console.warn: SearchSettings: "get: No settings file exists, new profile?" (new NotFoundError("Could not open the file at /tmp/rust_mozprofileI0wM1N/search.json.mozlz4", (void 0)))
DevTools listening on ws://localhost:55125/devtools/browser/6638b510-a38f-400e-8c65-52f5277cc8a0
1642872595166	Marionette	INFO	Listening on port 40281
1642872595272	RemoteAgent	WARN	TLS certificate errors will be ignored for this session
1642872609062	Marionette	INFO	Stopped listening on port 40281
console.warn: TopSitesFeed: Failed to fetch data from Contile server: NetworkError when attempting to fetch resource.
1642872622002	geckodriver	INFO	Listening on 127.0.0.1:33995
1642872622017	mozrunner::runner	INFO	Running command: "/usr/bin/firefox" "--marionette" "--remote-debugging-port" "51563" "-no-remote" "-profile" "/tmp/rust_mozprofileZB2eJP"
ATTENTION: default value of option mesa_glthread overridden by environment.
ATTENTION: default value of option mesa_glthread overridden by environment.
ATTENTION: default value of option mesa_glthread overridden by environment.
ATTENTION: default value of option mesa_glthread overridden by environment.
1642872623389	Marionette	INFO	Marionette enabled
console.warn: SearchSettings: "get: No settings file exists, new profile?" (new NotFoundError("Could not open the file at /tmp/rust_mozprofileZB2eJP/search.json.mozlz4", (void 0)))
DevTools listening on ws://localhost:51563/devtools/browser/5a50dada-5b91-4822-baad-9f1e81ee7f64
1642872626970	Marionette	INFO	Listening on port 41973
1642872627086	RemoteAgent	WARN	TLS certificate errors will be ignored for this session
console.warn: LoginRecipes: "getRecipes: falling back to a synchronous message for:" "https://10ff.net"
console.warn: LoginRecipes: "getRecipes: falling back to a synchronous message for:" "https://10ff.net"
JavaScript error: resource://gre/modules/AsyncShutdown.jsm, line 575: NotFoundError: No such JSWindowActor 'DevToolsFrame'
1642872734836	Marionette	INFO	Stopped listening on port 41973
console.warn: TopSitesFeed: Failed to fetch data from Contile server: NetworkError when attempting to fetch resource.
1642872738310	geckodriver	INFO	Listening on 127.0.0.1:51559
1642872738844	mozrunner::runner	INFO	Running command: "/usr/bin/firefox" "--marionette" "--remote-debugging-port" "33483" "-no-remote" "-profile" "/tmp/rust_mozprofilexHFArI"
ATTENTION: default value of option mesa_glthread overridden by environment.
ATTENTION: default value of option mesa_glthread overridden by environment.
ATTENTION: default value of option mesa_glthread overridden by environment.
ATTENTION: default value of option mesa_glthread overridden by environment.
1642872740380	Marionette	INFO	Marionette enabled
console.warn: SearchSettings: "get: No settings file exists, new profile?" (new NotFoundError("Could not open the file at /tmp/rust_mozprofilexHFArI/search.json.mozlz4", (void 0)))
DevTools listening on ws://localhost:33483/devtools/browser/46ce5d4d-4ad3-419d-9330-9f408545c36f
1642872743566	Marionette	INFO	Listening on port 33309
1642872743643	RemoteAgent	WARN	TLS certificate errors will be ignored for this session
JavaScript error: resource://gre/modules/AsyncShutdown.jsm, line 575: NotFoundError: No such JSWindowActor 'DevToolsFrame'
1642872796344	Marionette	INFO	Stopped listening on port 33309
console.warn: TopSitesFeed: Failed to fetch data from Contile server: NetworkError when attempting to fetch resource.
JavaScript error: resource://gre/modules/CrashManager.jsm, line 828: AbortError: IOUtils: Shutting down and refusing additional I/O tasks
1642872799392	geckodriver	INFO	Listening on 127.0.0.1:37921
1642872799407	mozrunner::runner	INFO	Running command: "/usr/bin/firefox" "--marionette" "--remote-debugging-port" "50307" "-no-remote" "-profile" "/tmp/rust_mozprofilehslEIH"
ATTENTION: default value of option mesa_glthread overridden by environment.
ATTENTION: default value of option mesa_glthread overridden by environment.
ATTENTION: default value of option mesa_glthread overridden by environment.
ATTENTION: default value of option mesa_glthread overridden by environment.
1642872801238	Marionette	INFO	Marionette enabled
console.warn: SearchSettings: "get: No settings file exists, new profile?" (new NotFoundError("Could not open the file at /tmp/rust_mozprofilehslEIH/search.json.mozlz4", (void 0)))
DevTools listening on ws://localhost:50307/devtools/browser/4058bff2-5758-4092-8e49-2b73d2fb687b
1642872806546	Marionette	INFO	Listening on port 43987
1642872806624	RemoteAgent	WARN	TLS certificate errors will be ignored for this session
console.warn: LoginRecipes: "getRecipes: falling back to a synchronous message for:" "https://10ff.net"
console.warn: "Async method failed in safeAsyncMethod" (new Error("Connection closed, pending request to server0.conn0.windowGlobal2147483651/layout33, type getGrids failed\n\nRequest stack:\nrequest@resource://devtools/shared/protocol/Front.js:292:14\ngenerateRequestMethods/</frontProto[name]@resource://devtools/shared/protocol/Front/FrontClassWithSpec.js:46:19\ngetAllGrids@resource://devtools/client/fronts/layout.js:171:17\nexports.safeAsyncMethod/<@resource://devtools/shared/async-utils.js:61:25\ngetGrids@resource://devtools/client/inspector/grids/grid-inspector.js:449:35\n", "resource://devtools/shared/protocol/Front.js", 106))
console.warn: "Async method failed in safeAsyncMethod" (new Error("Connection closed, pending request to server0.conn0.windowGlobal2147483651/layout33, type getGrids failed\n\nRequest stack:\nrequest@resource://devtools/shared/protocol/Front.js:292:14\ngenerateRequestMethods/</frontProto[name]@resource://devtools/shared/protocol/Front/FrontClassWithSpec.js:46:19\ngetAllGrids@resource://devtools/client/fronts/layout.js:171:17\nexports.safeAsyncMethod/<@resource://devtools/shared/async-utils.js:61:25\ngetGrids@resource://devtools/client/inspector/grids/grid-inspector.js:449:35\n", "resource://devtools/shared/protocol/Front.js", 106))
console.warn: "Inspector destroyed while executing onReflow callback"
console.warn: "Inspector destroyed while executing onReflow callback"
JavaScript error: , line 0: NotFoundError: No such JSWindowActor 'DevToolsFrame'
JavaScript error: , line 0: NotFoundError: No such JSWindowActor 'DevToolsFrame'
JavaScript error: , line 0: NotFoundError: No such JSWindowActor 'DevToolsFrame'
1642872876157	Marionette	INFO	Stopped listening on port 43987
console.warn: TopSitesFeed: Failed to fetch data from Contile server: NetworkError when attempting to fetch resource.
1642872907203	geckodriver	INFO	Listening on 127.0.0.1:45891
1642872907222	mozrunner::runner	INFO	Running command: "/usr/bin/firefox" "--marionette" "--remote-debugging-port" "37053" "-no-remote" "-profile" "/tmp/rust_mozprofileIjdFmS"
ATTENTION: default value of option mesa_glthread overridden by environment.
ATTENTION: default value of option mesa_glthread overridden by environment.
ATTENTION: default value of option mesa_glthread overridden by environment.
ATTENTION: default value of option mesa_glthread overridden by environment.
1642872909071	Marionette	INFO	Marionette enabled
1642872930185	geckodriver	INFO	Listening on 127.0.0.1:45929
1642872930193	mozrunner::runner	INFO	Running command: "/usr/bin/firefox" "--marionette" "--remote-debugging-port" "52137" "-no-remote" "-profile" "/tmp/rust_mozprofileBXdSno"
ATTENTION: default value of option mesa_glthread overridden by environment.
ATTENTION: default value of option mesa_glthread overridden by environment.
ATTENTION: default value of option mesa_glthread overridden by environment.
ATTENTION: default value of option mesa_glthread overridden by environment.
1642872931410	Marionette	INFO	Marionette enabled
console.warn: SearchSettings: "get: No settings file exists, new profile?" (new NotFoundError("Could not open the file at /tmp/rust_mozprofileBXdSno/search.json.mozlz4", (void 0)))
DevTools listening on ws://localhost:52137/devtools/browser/04a7741e-2d6c-4efa-a23f-328cd8aded86
1642872936741	Marionette	INFO	Listening on port 44207
1642872936819	RemoteAgent	WARN	TLS certificate errors will be ignored for this session
console.warn: LoginRecipes: "getRecipes: falling back to a synchronous message for:" "https://10ff.net"
1642873006370	Marionette	INFO	Stopped listening on port 44207
console.warn: TopSitesFeed: Failed to fetch data from Contile server: NetworkError when attempting to fetch resource.
1642873032766	geckodriver	INFO	Listening on 127.0.0.1:44689
1642873032777	mozrunner::runner	INFO	Running command: "/usr/bin/firefox" "--marionette" "--remote-debugging-port" "46253" "-no-remote" "-profile" "/tmp/rust_mozprofileUXhFZ4"
ATTENTION: default value of option mesa_glthread overridden by environment.
ATTENTION: default value of option mesa_glthread overridden by environment.
ATTENTION: default value of option mesa_glthread overridden by environment.
ATTENTION: default value of option mesa_glthread overridden by environment.
1642873034466	Marionette	INFO	Marionette enabled
console.warn: SearchSettings: "get: No settings file exists, new profile?" (new NotFoundError("Could not open the file at /tmp/rust_mozprofileUXhFZ4/search.json.mozlz4", (void 0)))
DevTools listening on ws://localhost:46253/devtools/browser/93a93e6e-be4c-458c-9d68-1c851d8b88b1
1642873038908	Marionette	INFO	Listening on port 42599
1642873039106	RemoteAgent	WARN	TLS certificate errors will be ignored for this session
console.warn: LoginRecipes: "getRecipes: falling back to a synchronous message for:" "https://10ff.net"
1642873114093	Marionette	INFO	Stopped listening on port 42599

###!!! [Parent][RunMessage] Error: Channel closing: too late to send/recv, messages will be lost

1642873439451	geckodriver	INFO	Listening on 127.0.0.1:59041
1642873439970	mozrunner::runner	INFO	Running command: "/usr/bin/firefox" "--marionette" "--remote-debugging-port" "57025" "-no-remote" "-profile" "/tmp/rust_mozprofileY3QkS5"
ATTENTION: default value of option mesa_glthread overridden by environment.
ATTENTION: default value of option mesa_glthread overridden by environment.
ATTENTION: default value of option mesa_glthread overridden by environment.
ATTENTION: default value of option mesa_glthread overridden by environment.
1642873441387	Marionette	INFO	Marionette enabled
console.warn: SearchSettings: "get: No settings file exists, new profile?" (new NotFoundError("Could not open the file at /tmp/rust_mozprofileY3QkS5/search.json.mozlz4", (void 0)))
DevTools listening on ws://localhost:57025/devtools/browser/25edddc3-e2c6-4345-a46a-7c803806b879
1642873444099	Marionette	INFO	Listening on port 46777
1642873444133	RemoteAgent	WARN	TLS certificate errors will be ignored for this session
console.warn: LoginRecipes: "getRecipes: falling back to a synchronous message for:" "https://10ff.net"
JavaScript error: , line 0: NotFoundError: No such JSWindowActor 'DevToolsFrame'
1642873514238	geckodriver	INFO	Listening on 127.0.0.1:52447
1642873514766	mozrunner::runner	INFO	Running command: "/usr/bin/firefox" "--marionette" "--remote-debugging-port" "42215" "-no-remote" "-profile" "/tmp/rust_mozprofile8eGw9J"
ATTENTION: default value of option mesa_glthread overridden by environment.
ATTENTION: default value of option mesa_glthread overridden by environment.
ATTENTION: default value of option mesa_glthread overridden by environment.
ATTENTION: default value of option mesa_glthread overridden by environment.
1642873516101	Marionette	INFO	Marionette enabled
console.warn: SearchSettings: "get: No settings file exists, new profile?" (new NotFoundError("Could not open the file at /tmp/rust_mozprofile8eGw9J/search.json.mozlz4", (void 0)))
DevTools listening on ws://localhost:42215/devtools/browser/411a9189-fa93-4ea2-90ad-13dbd852b92c
1642873519239	Marionette	INFO	Listening on port 34561
1642873519360	RemoteAgent	WARN	TLS certificate errors will be ignored for this session
console.warn: LoginRecipes: "getRecipes: falling back to a synchronous message for:" "https://10ff.net"
1642873553299	Marionette	INFO	Stopped listening on port 34561
console.warn: TopSitesFeed: Failed to fetch data from Contile server: NetworkError when attempting to fetch resource.
1642873555972	Marionette	INFO	Stopped listening on port 46777
console.warn: TopSitesFeed: Failed to fetch data from Contile server: NetworkError when attempting to fetch resource.

###!!! [Parent][RunMessage] Error: Channel closing: too late to send/recv, messages will be lost

1642873745971	geckodriver	INFO	Listening on 127.0.0.1:47383
1642873745979	mozrunner::runner	INFO	Running command: "/usr/bin/firefox" "--marionette" "--remote-debugging-port" "43941" "-no-remote" "-profile" "/tmp/rust_mozprofile2g7ugy"
ATTENTION: default value of option mesa_glthread overridden by environment.
ATTENTION: default value of option mesa_glthread overridden by environment.
ATTENTION: default value of option mesa_glthread overridden by environment.
ATTENTION: default value of option mesa_glthread overridden by environment.
1642873747081	Marionette	INFO	Marionette enabled
console.warn: SearchSettings: "get: No settings file exists, new profile?" (new NotFoundError("Could not open the file at /tmp/rust_mozprofile2g7ugy/search.json.mozlz4", (void 0)))
DevTools listening on ws://localhost:43941/devtools/browser/c7052889-b248-4904-ae66-4b9f7c195b81
1642873750414	Marionette	INFO	Listening on port 40273
1642873750576	RemoteAgent	WARN	TLS certificate errors will be ignored for this session
console.warn: LoginRecipes: "getRecipes: falling back to a synchronous message for:" "https://10ff.net"
1642873777662	Marionette	INFO	Stopped listening on port 40273
console.warn: TopSitesFeed: Failed to fetch data from Contile server: NetworkError when attempting to fetch resource.
1642874170470	geckodriver	INFO	Listening on 127.0.0.1:49553
1642874171018	mozrunner::runner	INFO	Running command: "/usr/bin/firefox" "--marionette" "--remote-debugging-port" "55701" "-no-remote" "-profile" "/tmp/rust_mozprofileAtnPlU"
ATTENTION: default value of option mesa_glthread overridden by environment.
ATTENTION: default value of option mesa_glthread overridden by environment.
ATTENTION: default value of option mesa_glthread overridden by environment.
ATTENTION: default value of option mesa_glthread overridden by environment.
1642874172469	Marionette	INFO	Marionette enabled
console.warn: SearchSettings: "get: No settings file exists, new profile?" (new NotFoundError("Could not open the file at /tmp/rust_mozprofileAtnPlU/search.json.mozlz4", (void 0)))
DevTools listening on ws://localhost:55701/devtools/browser/e8ed3beb-5dd7-4dd9-b2a1-27bc12f34fcd
1642874175413	Marionette	INFO	Listening on port 41687
1642874175487	RemoteAgent	WARN	TLS certificate errors will be ignored for this session
console.warn: LoginRecipes: "getRecipes: falling back to a synchronous message for:" "https://10ff.net"
1642874205629	Marionette	INFO	Stopped listening on port 41687
console.warn: TopSitesFeed: Failed to fetch data from Contile server: NetworkError when attempting to fetch resource.
1642874220625	geckodriver	INFO	Listening on 127.0.0.1:53957
1642874220638	mozrunner::runner	INFO	Running command: "/usr/bin/firefox" "--marionette" "--remote-debugging-port" "39069" "-no-remote" "-profile" "/tmp/rust_mozprofileMFX8EM"
ATTENTION: default value of option mesa_glthread overridden by environment.
ATTENTION: default value of option mesa_glthread overridden by environment.
ATTENTION: default value of option mesa_glthread overridden by environment.
ATTENTION: default value of option mesa_glthread overridden by environment.
1642874221910	Marionette	INFO	Marionette enabled
console.warn: SearchSettings: "get: No settings file exists, new profile?" (new NotFoundError("Could not open the file at /tmp/rust_mozprofileMFX8EM/search.json.mozlz4", (void 0)))
DevTools listening on ws://localhost:39069/devtools/browser/873baad2-98df-4d62-b6a1-6ab56913358a
1642874224584	Marionette	INFO	Listening on port 34421
1642874224684	RemoteAgent	WARN	TLS certificate errors will be ignored for this session
1642874264993	Marionette	INFO	Stopped listening on port 34421
console.warn: TopSitesFeed: Failed to fetch data from Contile server: NetworkError when attempting to fetch resource.

###!!! [Parent][RunMessage] Error: Channel closing: too late to send/recv, messages will be lost

1642874266392	geckodriver	INFO	Listening on 127.0.0.1:47553
1642874266401	mozrunner::runner	INFO	Running command: "/usr/bin/firefox" "--marionette" "--remote-debugging-port" "35187" "-no-remote" "-profile" "/tmp/rust_mozprofileDBBYP6"
ATTENTION: default value of option mesa_glthread overridden by environment.
ATTENTION: default value of option mesa_glthread overridden by environment.
ATTENTION: default value of option mesa_glthread overridden by environment.
ATTENTION: default value of option mesa_glthread overridden by environment.
1642874267410	Marionette	INFO	Marionette enabled
console.warn: SearchSettings: "get: No settings file exists, new profile?" (new NotFoundError("Could not open the file at /tmp/rust_mozprofileDBBYP6/search.json.mozlz4", (void 0)))
DevTools listening on ws://localhost:35187/devtools/browser/4eba8385-f538-4d1e-a367-5b4016e05761
1642874269563	Marionette	INFO	Listening on port 40873
1642874269642	RemoteAgent	WARN	TLS certificate errors will be ignored for this session
1642874291309	Marionette	INFO	Stopped listening on port 40873
console.warn: TopSitesFeed: Failed to fetch data from Contile server: NetworkError when attempting to fetch resource.
1642874336437	geckodriver	INFO	Listening on 127.0.0.1:59449
1642874336444	mozrunner::runner	INFO	Running command: "/usr/bin/firefox" "--marionette" "--remote-debugging-port" "58223" "-no-remote" "-profile" "/tmp/rust_mozprofile7eDepo"
ATTENTION: default value of option mesa_glthread overridden by environment.
ATTENTION: default value of option mesa_glthread overridden by environment.
ATTENTION: default value of option mesa_glthread overridden by environment.
ATTENTION: default value of option mesa_glthread overridden by environment.
1642874337402	Marionette	INFO	Marionette enabled
console.warn: SearchSettings: "get: No settings file exists, new profile?" (new NotFoundError("Could not open the file at /tmp/rust_mozprofile7eDepo/search.json.mozlz4", (void 0)))
DevTools listening on ws://localhost:58223/devtools/browser/4b502c36-a7e9-4227-9a94-9608d40427f9
1642874339870	Marionette	INFO	Listening on port 43827
1642874339980	RemoteAgent	WARN	TLS certificate errors will be ignored for this session
console.warn: LoginRecipes: "getRecipes: falling back to a synchronous message for:" "https://10ff.net"
1642874371426	Marionette	INFO	Stopped listening on port 43827
console.warn: TopSitesFeed: Failed to fetch data from Contile server: NetworkError when attempting to fetch resource.

###!!! [Parent][RunMessage] Error: Channel closing: too late to send/recv, messages will be lost

1642874636499	geckodriver	INFO	Listening on 127.0.0.1:37093
1642874636506	mozrunner::runner	INFO	Running command: "/usr/bin/firefox" "--marionette" "--remote-debugging-port" "38315" "-no-remote" "-profile" "/tmp/rust_mozprofile8G5YjK"
ATTENTION: default value of option mesa_glthread overridden by environment.
ATTENTION: default value of option mesa_glthread overridden by environment.
ATTENTION: default value of option mesa_glthread overridden by environment.
ATTENTION: default value of option mesa_glthread overridden by environment.
1642874637748	Marionette	INFO	Marionette enabled
console.warn: SearchSettings: "get: No settings file exists, new profile?" (new NotFoundError("Could not open the file at /tmp/rust_mozprofile8G5YjK/search.json.mozlz4", (void 0)))
DevTools listening on ws://localhost:38315/devtools/browser/c5c4a3b1-2f9d-47b4-83aa-fe2fab4c71fd
1642874641747	Marionette	INFO	Listening on port 39907
1642874641876	RemoteAgent	WARN	TLS certificate errors will be ignored for this session
console.warn: LoginRecipes: "getRecipes: falling back to a synchronous message for:" "https://10ff.net"
1642874672859	Marionette	INFO	Stopped listening on port 39907
console.warn: TopSitesFeed: Failed to fetch data from Contile server: NetworkError when attempting to fetch resource.
1642874703470	geckodriver	INFO	Listening on 127.0.0.1:40027
1642874703480	mozrunner::runner	INFO	Running command: "/usr/bin/firefox" "--marionette" "--remote-debugging-port" "52751" "-no-remote" "-profile" "/tmp/rust_mozprofilePy766q"
ATTENTION: default value of option mesa_glthread overridden by environment.
ATTENTION: default value of option mesa_glthread overridden by environment.
ATTENTION: default value of option mesa_glthread overridden by environment.
ATTENTION: default value of option mesa_glthread overridden by environment.
1642874704727	Marionette	INFO	Marionette enabled
console.warn: SearchSettings: "get: No settings file exists, new profile?" (new NotFoundError("Could not open the file at /tmp/rust_mozprofilePy766q/search.json.mozlz4", (void 0)))
DevTools listening on ws://localhost:52751/devtools/browser/ec238528-5111-42f0-a374-8fdce6b7a6c1
1642874707472	Marionette	INFO	Listening on port 41115
1642874707533	RemoteAgent	WARN	TLS certificate errors will be ignored for this session
console.warn: LoginRecipes: "getRecipes: falling back to a synchronous message for:" "https://10ff.net"
1642874789772	Marionette	INFO	Stopped listening on port 41115
console.warn: TopSitesFeed: Failed to fetch data from Contile server: NetworkError when attempting to fetch resource.
1642875635231	geckodriver	INFO	Listening on 127.0.0.1:51849
1642875635751	mozrunner::runner	INFO	Running command: "/usr/bin/firefox" "--marionette" "--remote-debugging-port" "41405" "-no-remote" "-profile" "/tmp/rust_mozprofileDrO5bl"
ATTENTION: default value of option mesa_glthread overridden by environment.
ATTENTION: default value of option mesa_glthread overridden by environment.
ATTENTION: default value of option mesa_glthread overridden by environment.
ATTENTION: default value of option mesa_glthread overridden by environment.
1642875637129	Marionette	INFO	Marionette enabled
console.warn: SearchSettings: "get: No settings file exists, new profile?" (new NotFoundError("Could not open the file at /tmp/rust_mozprofileDrO5bl/search.json.mozlz4", (void 0)))
DevTools listening on ws://localhost:41405/devtools/browser/e91c97d0-360a-4867-aca9-11969c252729
1642875640653	Marionette	INFO	Listening on port 42503
1642875640718	RemoteAgent	WARN	TLS certificate errors will be ignored for this session
console.warn: LoginRecipes: "getRecipes: falling back to a synchronous message for:" "https://10ff.net"
1642875674012	Marionette	INFO	Stopped listening on port 42503
console.warn: TopSitesFeed: Failed to fetch data from Contile server: NetworkError when attempting to fetch resource.
